<?xml version="1.0" encoding="UTF-8"?>
<!-- Generated by org.testng.reporters.JUnitReportReporter -->
<testsuite hostname="Swasthik" failures="0" tests="1" name="epack.DemoTest" time="9.318" errors="0" timestamp="2024-03-19T17:55:51 IST" skipped="0">
  <testcase classname="epack.DemoTest" name="testOne" time="9.318"/>
</testsuite> <!-- epack.DemoTest -->
